Data correction loaded.
FACULTEXP # correction - LEG_POL: 04550B3 39 - BUYER: 21775268 - CLA_AMOUNT: 2395000.0 => 13000000
FACULTEXP # correction - LEG_POL: 04550B3 39 - BUYER: 21775268 - CLD_TOTAL_AMOUNT: 2395000.0 => 13000000
FACULTEXP # correction - LEG_POL: 04550B3 39 - BUYER: 21775268 - POLICY_CURRENCY: EUR => BRL
FACULTEXP # correction - LEG_POL: 03199C3 03 - BUYER: 4868700 - CLA_AMOUNT: 3898000.0 => 13000000
FACULTEXP # correction - LEG_POL: 03199C3 03 - BUYER: 4868700 - CLD_TOTAL_AMOUNT: 3898000.0 => 13000000
FACULTEXP # correction - LEG_POL: 03199C3 03 - BUYER: 4868700 - POLICY_CURRENCY: EUR => TND
SPECIFEXP # removal - LEG_POL: 36043C1 02 - BUYER: 22483818 - CLA_DATE: 44697 - CLD_DATE: 44701 - *CLD_EXPIRY_DATE: nan*
SPECIFEXP # removal - LEG_POL: 36043C1 02 - BUYER: 22552129 - CLA_DATE: 44697 - CLD_DATE: 44701 - *CLD_EXPIRY_DATE: nan*
SPECIFEXP # removal - LEG_POL: 36043C1 02 - BUYER: 23641836 - CLA_DATE: 44697 - CLD_DATE: 44701 - *CLD_EXPIRY_DATE: nan*
SPECIFEXP # removal - LEG_POL: 36043C1 02 - BUYER: 23709405 - CLA_DATE: 44697 - CLD_DATE: 44701 - *CLD_EXPIRY_DATE: nan*
SPECIFEXP # removal - LEG_POL: 36043C1 02 - BUYER: 23714938 - CLA_DATE: 44697 - CLD_DATE: 44701 - *CLD_EXPIRY_DATE: nan*
SPECIFEXP # removal - LEG_POL: 36043C1 02 - BUYER: 23714973 - CLA_DATE: 44697 - CLD_DATE: 44701 - *CLD_EXPIRY_DATE: nan*
SPECIFEXP # removal - LEG_POL: 36043C1 02 - BUYER: 23717315 - CLA_DATE: 44697 - CLD_DATE: 44701 - *CLD_EXPIRY_DATE: nan*
SPECIFEXP # removal - LEG_POL: 36043C1 02 - BUYER: 23718390 - CLA_DATE: 44697 - CLD_DATE: 44701 - *CLD_EXPIRY_DATE: nan*
SPECIFEXP # removal - LEG_POL: 36043C1 02 - BUYER: 23734708 - CLA_DATE: 44697 - CLD_DATE: 44701 - *CLD_EXPIRY_DATE: nan*
SPECIFEXP # removal - LEG_POL: 36043C1 02 - BUYER: 23899864 - CLA_DATE: 44697 - CLD_DATE: 44701 - *CLD_EXPIRY_DATE: nan*
SPECIFEXP # removal - LEG_POL: 36043C1 02 - BUYER: 23995630 - CLA_DATE: 44697 - CLD_DATE: 44701 - *CLD_EXPIRY_DATE: nan*
SPECIFEXP # removal - LEG_POL: 36043C1 02 - BUYER: 22205972 - CLA_DATE: 44706 - CLD_DATE: 44708 - *CLD_EXPIRY_DATE: nan*
SPECIFEXP # removal - LEG_POL: 36043C1 02 - BUYER: 22519200 - CLA_DATE: 44706 - CLD_DATE: 44708 - *CLD_EXPIRY_DATE: nan*
SPECIFEXP # removal - LEG_POL: 36043C1 02 - BUYER: 23710093 - CLA_DATE: 44706 - CLD_DATE: 44708 - *CLD_EXPIRY_DATE: nan*
SPECIFEXP # removal - LEG_POL: 36043C1 02 - BUYER: 24001424 - CLA_DATE: 44706 - CLD_DATE: 44708 - *CLD_EXPIRY_DATE: nan*
SPECIFEXP # removal - LEG_POL: 02126C1 01 - BUYER: 14645239 - CLA_DATE: 44714 - CLD_DATE: 44715 - *CLD_EXPIRY_DATE: nan*
SPECIFEXP # removal - LEG_POL: 01166B1 01 - BUYER: 16744454 - CLA_DATE: 44714 - CLD_DATE: 44715 - *CLD_EXPIRY_DATE: nan*
SPECIFEXP # removal - LEG_POL: 36043C1 02 - BUYER: 17359692 - CLA_DATE: 44714 - CLD_DATE: 44715 - *CLD_EXPIRY_DATE: nan*
SPECIFEXP # removal - LEG_POL: 36043C1 02 - BUYER: 21167598 - CLA_DATE: 44714 - CLD_DATE: 44715 - *CLD_EXPIRY_DATE: nan*
SPECIFEXP # removal - LEG_POL: 36043C1 02 - BUYER: 21902230 - CLA_DATE: 44714 - CLD_DATE: 44715 - *CLD_EXPIRY_DATE: nan*
SPECIFEXP # removal - LEG_POL: 36043C1 02 - BUYER: 23722822 - CLA_DATE: 44714 - CLD_DATE: 44715 - *CLD_EXPIRY_DATE: nan*
SPECIFEXP # removal - LEG_POL: 36043C1 02 - BUYER: 23725573 - CLA_DATE: 44714 - CLD_DATE: 44715 - *CLD_EXPIRY_DATE: nan*
SPECIFEXP # removal - LEG_POL: 36043C1 02 - BUYER: 23734725 - CLA_DATE: 44714 - CLD_DATE: 44715 - *CLD_EXPIRY_DATE: nan*
SPECIFEXP # removal - LEG_POL: 36043C1 02 - BUYER: 23737136 - CLA_DATE: 44714 - CLD_DATE: 44715 - *CLD_EXPIRY_DATE: nan*
SPECIFEXP # removal - LEG_POL: 36043C1 02 - BUYER: 24003318 - CLA_DATE: 44714 - CLD_DATE: 44715 - *CLD_EXPIRY_DATE: nan*
SPECIFEXP # removal - LEG_POL: 02126C1 01 - BUYER: 1755437 - CLA_DATE: 44714 - CLD_DATE: 44715 - *CLD_EXPIRY_DATE: nan*
SPECIFEXP # removal - LEG_POL: 36043C1 02 - BUYER: 16832379 - CLA_DATE: 44727 - CLD_DATE: 44729 - *CLD_EXPIRY_DATE: nan*
SPECIFEXP # removal - LEG_POL: 36043C1 02 - BUYER: 23710065 - CLA_DATE: 44727 - CLD_DATE: 44729 - *CLD_EXPIRY_DATE: nan*
SPECIFEXP # removal - LEG_POL: 36043C1 02 - BUYER: 23710290 - CLA_DATE: 44727 - CLD_DATE: 44729 - *CLD_EXPIRY_DATE: nan*
SPECIFEXP # removal - LEG_POL: 00794B1 01 - BUYER: 11561823 - CLA_DATE: 44736 - CLD_DATE: 44736 - *CLD_EXPIRY_DATE: nan*
SPECIFEXP # removal - LEG_POL: 09841B1 01 - BUYER: 13927283 - CLA_DATE: 44736 - CLD_DATE: 44736 - *CLD_EXPIRY_DATE: nan*
SPECIFEXP # removal - LEG_POL: 09841B1 01 - BUYER: 17610786 - CLA_DATE: 44736 - CLD_DATE: 44736 - *CLD_EXPIRY_DATE: nan*
SPECIFEXP # removal - LEG_POL: 36043C1 02 - BUYER: 24023985 - CLA_DATE: 44741 - CLD_DATE: 44741 - *CLD_EXPIRY_DATE: nan*
SPECIFEXP # removal - LEG_POL: 04252C1 71 - BUYER: 84047141 - CLA_DATE: 44741 - CLD_DATE: 44743 - *CLD_EXPIRY_DATE: nan*
SPECIFEXP # removal - LEG_POL: 36180C1 01 - BUYER: 84047141 - CLA_DATE: 44741 - CLD_DATE: 44743 - *CLD_EXPIRY_DATE: nan*
SPECIFEXP # removal - LEG_POL: 36043C1 02 - BUYER: 85589771 - CLA_DATE: 44755 - CLD_DATE: 44757 - *CLD_EXPIRY_DATE: nan*
SPECIFEXP # removal - LEG_POL: 02901C1 01 - BUYER: 21974307 - CLA_DATE: 44782 - CLD_DATE: 44785 - *CLD_EXPIRY_DATE: nan*
SPECIFEXP # removal - LEG_POL: 36043C1 02 - BUYER: 22554339 - CLA_DATE: 44791 - CLD_DATE: 44796 - *CLD_EXPIRY_DATE: nan*
SPECIFEXP # removal - LEG_POL: 36043C1 02 - BUYER: 56111768 - CLA_DATE: 44796 - CLD_DATE: 44796 - *CLD_EXPIRY_DATE: nan*
SPECIFEXP # removal - LEG_POL: 36180C1 01 - BUYER: 9353917 - CLA_DATE: 44847 - CLD_DATE: 44848 - *CLD_EXPIRY_DATE: nan*
SPECIFEXP # removal - LEG_POL: 35507C1 01 - BUYER: 2690195 - CLA_DATE: 44887 - CLD_DATE: 44897 - *CLD_EXPIRY_DATE: nan*
SPECIFEXP # removal - LEG_POL: 03079B1 73 - BUYER: 13963095 - CLA_DATE: 44894 - CLD_DATE: 44897 - *CLD_EXPIRY_DATE: nan*
SPECIFEXP # removal - LEG_POL: 36043C1 02 - BUYER: 35186464 - CLA_DATE: 44894 - CLD_DATE: 44897 - *CLD_EXPIRY_DATE: nan*
SPECIFEXP # removal - LEG_POL: 09841B1 01 - BUYER: 21503504 - CLA_DATE: 44942 - CLD_DATE: 44946 - *CLD_EXPIRY_DATE: nan*
SPECIFEXP # removal - LEG_POL: 01587B1 02 - BUYER: 20055581 - CLA_DATE: 44956 - CLD_DATE: 44957 - *CLD_EXPIRY_DATE: nan*
SPECIFEXP # removal - LEG_POL: 35507C1 01 - BUYER: 20098118 - CLA_DATE: 44956 - CLD_DATE: 44957 - *CLD_EXPIRY_DATE: nan*
SPECIFEXP # removal - LEG_POL: 07359B1 04 - BUYER: 23538218 - CLA_DATE: 44970 - CLD_DATE: 44984 - *CLD_EXPIRY_DATE: nan*
SPECIFEXP # removal - LEG_POL: 35507C1 01 - BUYER: 22823178 - CLA_DATE: 45070 - CLD_DATE: 45072 - *CLD_EXPIRY_DATE: nan*
SPECIFEXP # removal - LEG_POL: 36135B1 01 - BUYER: 32862131 - CLA_DATE: 06/02/2020 - CLD_DATE: 06/02/2020 - *CLD_EXPIRY_DATE: nan*
SPECIFEXP # removal - LEG_POL: 36153B1 01 - BUYER: 10051290 - CLA_DATE: 06/02/2020 - CLD_DATE: 06/02/2020 - *CLD_EXPIRY_DATE: nan*
SPECIFEXP # correction - LEG_POL: 02585B1 02 - BUYER: 23304110 - CLA_AMOUNT: 3000000000.0 => 161598671
SPECIFEXP # correction - LEG_POL: 02585B1 02 - BUYER: 23304110 - CLD_TOTAL_AMOUNT: 3000000000.0 => 161598671
SPECIFEXP # correction - LEG_POL: 02585B1 02 - BUYER: 23304110 - POLICY_CURRENCY: MXN => USD
Data correction loaded.
FACULTEXP # correction - LEG_POL: 04550B3 39 - BUYER: 21775268 - CLA_AMOUNT: 2395000.0 => 13000000
FACULTEXP # correction - LEG_POL: 04550B3 39 - BUYER: 21775268 - CLD_TOTAL_AMOUNT: 2395000.0 => 13000000
FACULTEXP # correction - LEG_POL: 04550B3 39 - BUYER: 21775268 - POLICY_CURRENCY: EUR => BRL
FACULTEXP # correction - LEG_POL: 03199C3 03 - BUYER: 4868700 - CLA_AMOUNT: 3898000.0 => 13000000
FACULTEXP # correction - LEG_POL: 03199C3 03 - BUYER: 4868700 - CLD_TOTAL_AMOUNT: 3898000.0 => 13000000
FACULTEXP # correction - LEG_POL: 03199C3 03 - BUYER: 4868700 - POLICY_CURRENCY: EUR => TND
SPECIFEXP # removal - LEG_POL: 36043C1 02 - BUYER: 22483818 - CLA_DATE: 44697 - CLD_DATE: 44701 - *CLD_EXPIRY_DATE: nan*
SPECIFEXP # removal - LEG_POL: 36043C1 02 - BUYER: 22552129 - CLA_DATE: 44697 - CLD_DATE: 44701 - *CLD_EXPIRY_DATE: nan*
SPECIFEXP # removal - LEG_POL: 36043C1 02 - BUYER: 23641836 - CLA_DATE: 44697 - CLD_DATE: 44701 - *CLD_EXPIRY_DATE: nan*
SPECIFEXP # removal - LEG_POL: 36043C1 02 - BUYER: 23709405 - CLA_DATE: 44697 - CLD_DATE: 44701 - *CLD_EXPIRY_DATE: nan*
SPECIFEXP # removal - LEG_POL: 36043C1 02 - BUYER: 23714938 - CLA_DATE: 44697 - CLD_DATE: 44701 - *CLD_EXPIRY_DATE: nan*
SPECIFEXP # removal - LEG_POL: 36043C1 02 - BUYER: 23714973 - CLA_DATE: 44697 - CLD_DATE: 44701 - *CLD_EXPIRY_DATE: nan*
SPECIFEXP # removal - LEG_POL: 36043C1 02 - BUYER: 23717315 - CLA_DATE: 44697 - CLD_DATE: 44701 - *CLD_EXPIRY_DATE: nan*
SPECIFEXP # removal - LEG_POL: 36043C1 02 - BUYER: 23718390 - CLA_DATE: 44697 - CLD_DATE: 44701 - *CLD_EXPIRY_DATE: nan*
SPECIFEXP # removal - LEG_POL: 36043C1 02 - BUYER: 23734708 - CLA_DATE: 44697 - CLD_DATE: 44701 - *CLD_EXPIRY_DATE: nan*
SPECIFEXP # removal - LEG_POL: 36043C1 02 - BUYER: 23899864 - CLA_DATE: 44697 - CLD_DATE: 44701 - *CLD_EXPIRY_DATE: nan*
SPECIFEXP # removal - LEG_POL: 36043C1 02 - BUYER: 23995630 - CLA_DATE: 44697 - CLD_DATE: 44701 - *CLD_EXPIRY_DATE: nan*
SPECIFEXP # removal - LEG_POL: 36043C1 02 - BUYER: 22205972 - CLA_DATE: 44706 - CLD_DATE: 44708 - *CLD_EXPIRY_DATE: nan*
SPECIFEXP # removal - LEG_POL: 36043C1 02 - BUYER: 22519200 - CLA_DATE: 44706 - CLD_DATE: 44708 - *CLD_EXPIRY_DATE: nan*
SPECIFEXP # removal - LEG_POL: 36043C1 02 - BUYER: 23710093 - CLA_DATE: 44706 - CLD_DATE: 44708 - *CLD_EXPIRY_DATE: nan*
SPECIFEXP # removal - LEG_POL: 36043C1 02 - BUYER: 24001424 - CLA_DATE: 44706 - CLD_DATE: 44708 - *CLD_EXPIRY_DATE: nan*
SPECIFEXP # removal - LEG_POL: 02126C1 01 - BUYER: 14645239 - CLA_DATE: 44714 - CLD_DATE: 44715 - *CLD_EXPIRY_DATE: nan*
SPECIFEXP # removal - LEG_POL: 01166B1 01 - BUYER: 16744454 - CLA_DATE: 44714 - CLD_DATE: 44715 - *CLD_EXPIRY_DATE: nan*
SPECIFEXP # removal - LEG_POL: 36043C1 02 - BUYER: 17359692 - CLA_DATE: 44714 - CLD_DATE: 44715 - *CLD_EXPIRY_DATE: nan*
SPECIFEXP # removal - LEG_POL: 36043C1 02 - BUYER: 21167598 - CLA_DATE: 44714 - CLD_DATE: 44715 - *CLD_EXPIRY_DATE: nan*
SPECIFEXP # removal - LEG_POL: 36043C1 02 - BUYER: 21902230 - CLA_DATE: 44714 - CLD_DATE: 44715 - *CLD_EXPIRY_DATE: nan*
SPECIFEXP # removal - LEG_POL: 36043C1 02 - BUYER: 23722822 - CLA_DATE: 44714 - CLD_DATE: 44715 - *CLD_EXPIRY_DATE: nan*
SPECIFEXP # removal - LEG_POL: 36043C1 02 - BUYER: 23725573 - CLA_DATE: 44714 - CLD_DATE: 44715 - *CLD_EXPIRY_DATE: nan*
SPECIFEXP # removal - LEG_POL: 36043C1 02 - BUYER: 23734725 - CLA_DATE: 44714 - CLD_DATE: 44715 - *CLD_EXPIRY_DATE: nan*
SPECIFEXP # removal - LEG_POL: 36043C1 02 - BUYER: 23737136 - CLA_DATE: 44714 - CLD_DATE: 44715 - *CLD_EXPIRY_DATE: nan*
SPECIFEXP # removal - LEG_POL: 36043C1 02 - BUYER: 24003318 - CLA_DATE: 44714 - CLD_DATE: 44715 - *CLD_EXPIRY_DATE: nan*
SPECIFEXP # removal - LEG_POL: 02126C1 01 - BUYER: 1755437 - CLA_DATE: 44714 - CLD_DATE: 44715 - *CLD_EXPIRY_DATE: nan*
SPECIFEXP # removal - LEG_POL: 36043C1 02 - BUYER: 16832379 - CLA_DATE: 44727 - CLD_DATE: 44729 - *CLD_EXPIRY_DATE: nan*
SPECIFEXP # removal - LEG_POL: 36043C1 02 - BUYER: 23710065 - CLA_DATE: 44727 - CLD_DATE: 44729 - *CLD_EXPIRY_DATE: nan*
SPECIFEXP # removal - LEG_POL: 36043C1 02 - BUYER: 23710290 - CLA_DATE: 44727 - CLD_DATE: 44729 - *CLD_EXPIRY_DATE: nan*
SPECIFEXP # removal - LEG_POL: 00794B1 01 - BUYER: 11561823 - CLA_DATE: 44736 - CLD_DATE: 44736 - *CLD_EXPIRY_DATE: nan*
SPECIFEXP # removal - LEG_POL: 09841B1 01 - BUYER: 13927283 - CLA_DATE: 44736 - CLD_DATE: 44736 - *CLD_EXPIRY_DATE: nan*
SPECIFEXP # removal - LEG_POL: 09841B1 01 - BUYER: 17610786 - CLA_DATE: 44736 - CLD_DATE: 44736 - *CLD_EXPIRY_DATE: nan*
SPECIFEXP # removal - LEG_POL: 36043C1 02 - BUYER: 24023985 - CLA_DATE: 44741 - CLD_DATE: 44741 - *CLD_EXPIRY_DATE: nan*
SPECIFEXP # removal - LEG_POL: 04252C1 71 - BUYER: 84047141 - CLA_DATE: 44741 - CLD_DATE: 44743 - *CLD_EXPIRY_DATE: nan*
SPECIFEXP # removal - LEG_POL: 36180C1 01 - BUYER: 84047141 - CLA_DATE: 44741 - CLD_DATE: 44743 - *CLD_EXPIRY_DATE: nan*
SPECIFEXP # removal - LEG_POL: 36043C1 02 - BUYER: 85589771 - CLA_DATE: 44755 - CLD_DATE: 44757 - *CLD_EXPIRY_DATE: nan*
SPECIFEXP # removal - LEG_POL: 02901C1 01 - BUYER: 21974307 - CLA_DATE: 44782 - CLD_DATE: 44785 - *CLD_EXPIRY_DATE: nan*
SPECIFEXP # removal - LEG_POL: 36043C1 02 - BUYER: 22554339 - CLA_DATE: 44791 - CLD_DATE: 44796 - *CLD_EXPIRY_DATE: nan*
SPECIFEXP # removal - LEG_POL: 36043C1 02 - BUYER: 56111768 - CLA_DATE: 44796 - CLD_DATE: 44796 - *CLD_EXPIRY_DATE: nan*
SPECIFEXP # removal - LEG_POL: 36180C1 01 - BUYER: 9353917 - CLA_DATE: 44847 - CLD_DATE: 44848 - *CLD_EXPIRY_DATE: nan*
SPECIFEXP # removal - LEG_POL: 35507C1 01 - BUYER: 2690195 - CLA_DATE: 44887 - CLD_DATE: 44897 - *CLD_EXPIRY_DATE: nan*
SPECIFEXP # removal - LEG_POL: 03079B1 73 - BUYER: 13963095 - CLA_DATE: 44894 - CLD_DATE: 44897 - *CLD_EXPIRY_DATE: nan*
SPECIFEXP # removal - LEG_POL: 36043C1 02 - BUYER: 35186464 - CLA_DATE: 44894 - CLD_DATE: 44897 - *CLD_EXPIRY_DATE: nan*
SPECIFEXP # removal - LEG_POL: 09841B1 01 - BUYER: 21503504 - CLA_DATE: 44942 - CLD_DATE: 44946 - *CLD_EXPIRY_DATE: nan*
SPECIFEXP # removal - LEG_POL: 01587B1 02 - BUYER: 20055581 - CLA_DATE: 44956 - CLD_DATE: 44957 - *CLD_EXPIRY_DATE: nan*
SPECIFEXP # removal - LEG_POL: 35507C1 01 - BUYER: 20098118 - CLA_DATE: 44956 - CLD_DATE: 44957 - *CLD_EXPIRY_DATE: nan*
SPECIFEXP # removal - LEG_POL: 07359B1 04 - BUYER: 23538218 - CLA_DATE: 44970 - CLD_DATE: 44984 - *CLD_EXPIRY_DATE: nan*
SPECIFEXP # removal - LEG_POL: 35507C1 01 - BUYER: 22823178 - CLA_DATE: 45070 - CLD_DATE: 45072 - *CLD_EXPIRY_DATE: nan*
SPECIFEXP # removal - LEG_POL: 36135B1 01 - BUYER: 32862131 - CLA_DATE: 06/02/2020 - CLD_DATE: 06/02/2020 - *CLD_EXPIRY_DATE: nan*
SPECIFEXP # removal - LEG_POL: 36153B1 01 - BUYER: 10051290 - CLA_DATE: 06/02/2020 - CLD_DATE: 06/02/2020 - *CLD_EXPIRY_DATE: nan*
SPECIFEXP # correction - LEG_POL: 02585B1 02 - BUYER: 23304110 - CLA_AMOUNT: 3000000000.0 => 161598671
SPECIFEXP # correction - LEG_POL: 02585B1 02 - BUYER: 23304110 - CLD_TOTAL_AMOUNT: 3000000000.0 => 161598671
SPECIFEXP # correction - LEG_POL: 02585B1 02 - BUYER: 23304110 - POLICY_CURRENCY: MXN => USD
SPECIFEXP # removal - LEG_POL: 36043C1 02 - BUYER: 22483818 - CLA_DATE: 16/05/2022 - CLD_DATE: 20/05/2022 - *CLD_EXPIRY_DATE: nan*
SPECIFEXP # removal - LEG_POL: 36043C1 02 - BUYER: 22552129 - CLA_DATE: 16/05/2022 - CLD_DATE: 20/05/2022 - *CLD_EXPIRY_DATE: nan*
SPECIFEXP # removal - LEG_POL: 36043C1 02 - BUYER: 23641836 - CLA_DATE: 16/05/2022 - CLD_DATE: 20/05/2022 - *CLD_EXPIRY_DATE: nan*
SPECIFEXP # removal - LEG_POL: 36043C1 02 - BUYER: 23709405 - CLA_DATE: 16/05/2022 - CLD_DATE: 20/05/2022 - *CLD_EXPIRY_DATE: nan*
SPECIFEXP # removal - LEG_POL: 36043C1 02 - BUYER: 23714938 - CLA_DATE: 16/05/2022 - CLD_DATE: 20/05/2022 - *CLD_EXPIRY_DATE: nan*
SPECIFEXP # removal - LEG_POL: 36043C1 02 - BUYER: 23714973 - CLA_DATE: 16/05/2022 - CLD_DATE: 20/05/2022 - *CLD_EXPIRY_DATE: nan*
SPECIFEXP # removal - LEG_POL: 36043C1 02 - BUYER: 23717315 - CLA_DATE: 16/05/2022 - CLD_DATE: 20/05/2022 - *CLD_EXPIRY_DATE: nan*
SPECIFEXP # removal - LEG_POL: 36043C1 02 - BUYER: 23718390 - CLA_DATE: 16/05/2022 - CLD_DATE: 20/05/2022 - *CLD_EXPIRY_DATE: nan*
SPECIFEXP # removal - LEG_POL: 36043C1 02 - BUYER: 23734708 - CLA_DATE: 16/05/2022 - CLD_DATE: 20/05/2022 - *CLD_EXPIRY_DATE: nan*
SPECIFEXP # removal - LEG_POL: 36043C1 02 - BUYER: 23899864 - CLA_DATE: 16/05/2022 - CLD_DATE: 20/05/2022 - *CLD_EXPIRY_DATE: nan*
SPECIFEXP # removal - LEG_POL: 36043C1 02 - BUYER: 23995630 - CLA_DATE: 16/05/2022 - CLD_DATE: 20/05/2022 - *CLD_EXPIRY_DATE: nan*
SPECIFEXP # removal - LEG_POL: 36043C1 02 - BUYER: 22205972 - CLA_DATE: 25/05/2022 - CLD_DATE: 27/05/2022 - *CLD_EXPIRY_DATE: nan*
SPECIFEXP # removal - LEG_POL: 36043C1 02 - BUYER: 22519200 - CLA_DATE: 25/05/2022 - CLD_DATE: 27/05/2022 - *CLD_EXPIRY_DATE: nan*
SPECIFEXP # removal - LEG_POL: 36043C1 02 - BUYER: 23710093 - CLA_DATE: 25/05/2022 - CLD_DATE: 27/05/2022 - *CLD_EXPIRY_DATE: nan*
SPECIFEXP # removal - LEG_POL: 36043C1 02 - BUYER: 24001424 - CLA_DATE: 25/05/2022 - CLD_DATE: 27/05/2022 - *CLD_EXPIRY_DATE: nan*
SPECIFEXP # removal - LEG_POL: 02126C1 01 - BUYER: 14645239 - CLA_DATE: 02/06/2022 - CLD_DATE: 03/06/2022 - *CLD_EXPIRY_DATE: nan*
SPECIFEXP # removal - LEG_POL: 01166B1 01 - BUYER: 16744454 - CLA_DATE: 02/06/2022 - CLD_DATE: 03/06/2022 - *CLD_EXPIRY_DATE: nan*
SPECIFEXP # removal - LEG_POL: 36043C1 02 - BUYER: 17359692 - CLA_DATE: 02/06/2022 - CLD_DATE: 03/06/2022 - *CLD_EXPIRY_DATE: nan*
SPECIFEXP # removal - LEG_POL: 36043C1 02 - BUYER: 21167598 - CLA_DATE: 02/06/2022 - CLD_DATE: 03/06/2022 - *CLD_EXPIRY_DATE: nan*
SPECIFEXP # removal - LEG_POL: 36043C1 02 - BUYER: 21902230 - CLA_DATE: 02/06/2022 - CLD_DATE: 03/06/2022 - *CLD_EXPIRY_DATE: nan*
SPECIFEXP # removal - LEG_POL: 36043C1 02 - BUYER: 23722822 - CLA_DATE: 02/06/2022 - CLD_DATE: 03/06/2022 - *CLD_EXPIRY_DATE: nan*
SPECIFEXP # removal - LEG_POL: 36043C1 02 - BUYER: 23725573 - CLA_DATE: 02/06/2022 - CLD_DATE: 03/06/2022 - *CLD_EXPIRY_DATE: nan*
SPECIFEXP # removal - LEG_POL: 36043C1 02 - BUYER: 23734725 - CLA_DATE: 02/06/2022 - CLD_DATE: 03/06/2022 - *CLD_EXPIRY_DATE: nan*
SPECIFEXP # removal - LEG_POL: 36043C1 02 - BUYER: 23737136 - CLA_DATE: 02/06/2022 - CLD_DATE: 03/06/2022 - *CLD_EXPIRY_DATE: nan*
SPECIFEXP # removal - LEG_POL: 36043C1 02 - BUYER: 24003318 - CLA_DATE: 02/06/2022 - CLD_DATE: 03/06/2022 - *CLD_EXPIRY_DATE: nan*
SPECIFEXP # removal - LEG_POL: 02126C1 01 - BUYER: 1755437 - CLA_DATE: 02/06/2022 - CLD_DATE: 03/06/2022 - *CLD_EXPIRY_DATE: nan*
SPECIFEXP # removal - LEG_POL: 36043C1 02 - BUYER: 16832379 - CLA_DATE: 15/06/2022 - CLD_DATE: 17/06/2022 - *CLD_EXPIRY_DATE: nan*
SPECIFEXP # removal - LEG_POL: 36043C1 02 - BUYER: 23710065 - CLA_DATE: 15/06/2022 - CLD_DATE: 17/06/2022 - *CLD_EXPIRY_DATE: nan*
SPECIFEXP # removal - LEG_POL: 36043C1 02 - BUYER: 23710290 - CLA_DATE: 15/06/2022 - CLD_DATE: 17/06/2022 - *CLD_EXPIRY_DATE: nan*
SPECIFEXP # removal - LEG_POL: 00794B1 01 - BUYER: 11561823 - CLA_DATE: 24/06/2022 - CLD_DATE: 24/06/2022 - *CLD_EXPIRY_DATE: nan*
SPECIFEXP # removal - LEG_POL: 09841B1 01 - BUYER: 13927283 - CLA_DATE: 24/06/2022 - CLD_DATE: 24/06/2022 - *CLD_EXPIRY_DATE: nan*
SPECIFEXP # removal - LEG_POL: 09841B1 01 - BUYER: 17610786 - CLA_DATE: 24/06/2022 - CLD_DATE: 24/06/2022 - *CLD_EXPIRY_DATE: nan*
SPECIFEXP # removal - LEG_POL: 36043C1 02 - BUYER: 24023985 - CLA_DATE: 29/06/2022 - CLD_DATE: 29/06/2022 - *CLD_EXPIRY_DATE: nan*
SPECIFEXP # removal - LEG_POL: 04252C1 71 - BUYER: 84047141 - CLA_DATE: 29/06/2022 - CLD_DATE: 01/07/2022 - *CLD_EXPIRY_DATE: nan*
SPECIFEXP # removal - LEG_POL: 36180C1 01 - BUYER: 84047141 - CLA_DATE: 29/06/2022 - CLD_DATE: 01/07/2022 - *CLD_EXPIRY_DATE: nan*
SPECIFEXP # removal - LEG_POL: 36043C1 02 - BUYER: 85589771 - CLA_DATE: 13/07/2022 - CLD_DATE: 15/07/2022 - *CLD_EXPIRY_DATE: nan*
SPECIFEXP # removal - LEG_POL: 02901C1 01 - BUYER: 21974307 - CLA_DATE: 09/08/2022 - CLD_DATE: 12/08/2022 - *CLD_EXPIRY_DATE: nan*
SPECIFEXP # removal - LEG_POL: 36043C1 02 - BUYER: 22554339 - CLA_DATE: 18/08/2022 - CLD_DATE: 23/08/2022 - *CLD_EXPIRY_DATE: nan*
SPECIFEXP # removal - LEG_POL: 36043C1 02 - BUYER: 56111768 - CLA_DATE: 23/08/2022 - CLD_DATE: 23/08/2022 - *CLD_EXPIRY_DATE: nan*
SPECIFEXP # removal - LEG_POL: 36180C1 01 - BUYER: 9353917 - CLA_DATE: 13/10/2022 - CLD_DATE: 14/10/2022 - *CLD_EXPIRY_DATE: nan*
SPECIFEXP # removal - LEG_POL: 35507C1 01 - BUYER: 2690195 - CLA_DATE: 22/11/2022 - CLD_DATE: 02/12/2022 - *CLD_EXPIRY_DATE: nan*
SPECIFEXP # removal - LEG_POL: 03079B1 73 - BUYER: 13963095 - CLA_DATE: 29/11/2022 - CLD_DATE: 02/12/2022 - *CLD_EXPIRY_DATE: nan*
SPECIFEXP # removal - LEG_POL: 36043C1 02 - BUYER: 35186464 - CLA_DATE: 29/11/2022 - CLD_DATE: 02/12/2022 - *CLD_EXPIRY_DATE: nan*
SPECIFEXP # removal - LEG_POL: 09841B1 01 - BUYER: 21503504 - CLA_DATE: 16/01/2023 - CLD_DATE: 20/01/2023 - *CLD_EXPIRY_DATE: nan*
SPECIFEXP # removal - LEG_POL: 01587B1 02 - BUYER: 20055581 - CLA_DATE: 30/01/2023 - CLD_DATE: 31/01/2023 - *CLD_EXPIRY_DATE: nan*
SPECIFEXP # removal - LEG_POL: 35507C1 01 - BUYER: 20098118 - CLA_DATE: 30/01/2023 - CLD_DATE: 31/01/2023 - *CLD_EXPIRY_DATE: nan*
SPECIFEXP # removal - LEG_POL: 07359B1 04 - BUYER: 23538218 - CLA_DATE: 13/02/2023 - CLD_DATE: 27/02/2023 - *CLD_EXPIRY_DATE: nan*
SPECIFEXP # removal - LEG_POL: 35507C1 01 - BUYER: 22823178 - CLA_DATE: 24/05/2023 - CLD_DATE: 26/05/2023 - *CLD_EXPIRY_DATE: nan*
SPECIFEXP # removal - LEG_POL: 36135B1 01 - BUYER: 32862131 - CLA_DATE: 06/02/2020 - CLD_DATE: 06/02/2020 - *CLD_EXPIRY_DATE: nan*
SPECIFEXP # removal - LEG_POL: 36153B1 01 - BUYER: 10051290 - CLA_DATE: 06/02/2020 - CLD_DATE: 06/02/2020 - *CLD_EXPIRY_DATE: nan*
